This is pdfTeX, Version 3.14159265-2.6-1.40.17 (MiKTeX 2.9) (preloaded format=pdflatex 2016.9.15)  13 OCT 2016 12:14
entering extended mode
**"./Spine Simulation.tex"
("Spine Simulation.tex"
LaTeX2e <2016/03/31> patch level 3
Babel <3.9r> and hyphenation patterns for 75 language(s) loaded.
("C:\Users\Rui\AppData\Local\Programs\MiKTeX 2.9\tex\latex\base\article.cls"
Document Class: article 2014/09/29 v1.4h Standard LaTeX document class
("C:\Users\Rui\AppData\Local\Programs\MiKTeX 2.9\tex\latex\base\size10.clo"
File: size10.clo 2014/09/29 v1.4h Standard LaTeX file (size option)
)
\c@part=\count79
\c@section=\count80
\c@subsection=\count81
\c@subsubsection=\count82
\c@paragraph=\count83
\c@subparagraph=\count84
\c@figure=\count85
\c@table=\count86
\abovecaptionskip=\skip41
\belowcaptionskip=\skip42
\bibindent=\dimen102
)
("C:\Users\Rui\AppData\Local\Programs\MiKTeX 2.9\tex\latex\base\inputenc.sty"
Package: inputenc 2015/03/17 v1.2c Input encoding file
\inpenc@prehook=\toks14
\inpenc@posthook=\toks15

("C:\Users\Rui\AppData\Local\Programs\MiKTeX 2.9\tex\latex\base\utf8.def"
File: utf8.def 2016/02/28 v1.1s UTF-8 support for inputenc
Now handling font encoding OML ...
... no UTF-8 mapping file for font encoding OML
Now handling font encoding T1 ...
... processing UTF-8 mapping file for font encoding T1

("C:\Users\Rui\AppData\Local\Programs\MiKTeX 2.9\tex\latex\base\t1enc.dfu"
File: t1enc.dfu 2016/02/28 v1.1s UTF-8 support for inputenc
   defining Unicode char U+00A0 (decimal 160)
   defining Unicode char U+00A1 (decimal 161)
   defining Unicode char U+00A3 (decimal 163)
   defining Unicode char U+00AB (decimal 171)
   defining Unicode char U+00AD (decimal 173)
   defining Unicode char U+00BB (decimal 187)
   defining Unicode char U+00BF (decimal 191)
   defining Unicode char U+00C0 (decimal 192)
   defining Unicode char U+00C1 (decimal 193)
   defining Unicode char U+00C2 (decimal 194)
   defining Unicode char U+00C3 (decimal 195)
   defining Unicode char U+00C4 (decimal 196)
   defining Unicode char U+00C5 (decimal 197)
   defining Unicode char U+00C6 (decimal 198)
   defining Unicode char U+00C7 (decimal 199)
   defining Unicode char U+00C8 (decimal 200)
   defining Unicode char U+00C9 (decimal 201)
   defining Unicode char U+00CA (decimal 202)
   defining Unicode char U+00CB (decimal 203)
   defining Unicode char U+00CC (decimal 204)
   defining Unicode char U+00CD (decimal 205)
   defining Unicode char U+00CE (decimal 206)
   defining Unicode char U+00CF (decimal 207)
   defining Unicode char U+00D0 (decimal 208)
   defining Unicode char U+00D1 (decimal 209)
   defining Unicode char U+00D2 (decimal 210)
   defining Unicode char U+00D3 (decimal 211)
   defining Unicode char U+00D4 (decimal 212)
   defining Unicode char U+00D5 (decimal 213)
   defining Unicode char U+00D6 (decimal 214)
   defining Unicode char U+00D8 (decimal 216)
   defining Unicode char U+00D9 (decimal 217)
   defining Unicode char U+00DA (decimal 218)
   defining Unicode char U+00DB (decimal 219)
   defining Unicode char U+00DC (decimal 220)
   defining Unicode char U+00DD (decimal 221)
   defining Unicode char U+00DE (decimal 222)
   defining Unicode char U+00DF (decimal 223)
   defining Unicode char U+00E0 (decimal 224)
   defining Unicode char U+00E1 (decimal 225)
   defining Unicode char U+00E2 (decimal 226)
   defining Unicode char U+00E3 (decimal 227)
   defining Unicode char U+00E4 (decimal 228)
   defining Unicode char U+00E5 (decimal 229)
   defining Unicode char U+00E6 (decimal 230)
   defining Unicode char U+00E7 (decimal 231)
   defining Unicode char U+00E8 (decimal 232)
   defining Unicode char U+00E9 (decimal 233)
   defining Unicode char U+00EA (decimal 234)
   defining Unicode char U+00EB (decimal 235)
   defining Unicode char U+00EC (decimal 236)
   defining Unicode char U+00ED (decimal 237)
   defining Unicode char U+00EE (decimal 238)
   defining Unicode char U+00EF (decimal 239)
   defining Unicode char U+00F0 (decimal 240)
   defining Unicode char U+00F1 (decimal 241)
   defining Unicode char U+00F2 (decimal 242)
   defining Unicode char U+00F3 (decimal 243)
   defining Unicode char U+00F4 (decimal 244)
   defining Unicode char U+00F5 (decimal 245)
   defining Unicode char U+00F6 (decimal 246)
   defining Unicode char U+00F8 (decimal 248)
   defining Unicode char U+00F9 (decimal 249)
   defining Unicode char U+00FA (decimal 250)
   defining Unicode char U+00FB (decimal 251)
   defining Unicode char U+00FC (decimal 252)
   defining Unicode char U+00FD (decimal 253)
   defining Unicode char U+00FE (decimal 254)
   defining Unicode char U+00FF (decimal 255)
   defining Unicode char U+0100 (decimal 256)
   defining Unicode char U+0101 (decimal 257)
   defining Unicode char U+0102 (decimal 258)
   defining Unicode char U+0103 (decimal 259)
   defining Unicode char U+0104 (decimal 260)
   defining Unicode char U+0105 (decimal 261)
   defining Unicode char U+0106 (decimal 262)
   defining Unicode char U+0107 (decimal 263)
   defining Unicode char U+0108 (decimal 264)
   defining Unicode char U+0109 (decimal 265)
   defining Unicode char U+010A (decimal 266)
   defining Unicode char U+010B (decimal 267)
   defining Unicode char U+010C (decimal 268)
   defining Unicode char U+010D (decimal 269)
   defining Unicode char U+010E (decimal 270)
   defining Unicode char U+010F (decimal 271)
   defining Unicode char U+0110 (decimal 272)
   defining Unicode char U+0111 (decimal 273)
   defining Unicode char U+0112 (decimal 274)
   defining Unicode char U+0113 (decimal 275)
   defining Unicode char U+0114 (decimal 276)
   defining Unicode char U+0115 (decimal 277)
   defining Unicode char U+0116 (decimal 278)
   defining Unicode char U+0117 (decimal 279)
   defining Unicode char U+0118 (decimal 280)
   defining Unicode char U+0119 (decimal 281)
   defining Unicode char U+011A (decimal 282)
   defining Unicode char U+011B (decimal 283)
   defining Unicode char U+011C (decimal 284)
   defining Unicode char U+011D (decimal 285)
   defining Unicode char U+011E (decimal 286)
   defining Unicode char U+011F (decimal 287)
   defining Unicode char U+0120 (decimal 288)
   defining Unicode char U+0121 (decimal 289)
   defining Unicode char U+0122 (decimal 290)
   defining Unicode char U+0123 (decimal 291)
   defining Unicode char U+0124 (decimal 292)
   defining Unicode char U+0125 (decimal 293)
   defining Unicode char U+0128 (decimal 296)
   defining Unicode char U+0129 (decimal 297)
   defining Unicode char U+012A (decimal 298)
   defining Unicode char U+012B (decimal 299)
   defining Unicode char U+012C (decimal 300)
   defining Unicode char U+012D (decimal 301)
   defining Unicode char U+012E (decimal 302)
   defining Unicode char U+012F (decimal 303)
   defining Unicode char U+0130 (decimal 304)
   defining Unicode char U+0131 (decimal 305)
   defining Unicode char U+0132 (decimal 306)
   defining Unicode char U+0133 (decimal 307)
   defining Unicode char U+0134 (decimal 308)
   defining Unicode char U+0135 (decimal 309)
   defining Unicode char U+0136 (decimal 310)
   defining Unicode char U+0137 (decimal 311)
   defining Unicode char U+0139 (decimal 313)
   defining Unicode char U+013A (decimal 314)
   defining Unicode char U+013B (decimal 315)
   defining Unicode char U+013C (decimal 316)
   defining Unicode char U+013D (decimal 317)
   defining Unicode char U+013E (decimal 318)
   defining Unicode char U+0141 (decimal 321)
   defining Unicode char U+0142 (decimal 322)
   defining Unicode char U+0143 (decimal 323)
   defining Unicode char U+0144 (decimal 324)
   defining Unicode char U+0145 (decimal 325)
   defining Unicode char U+0146 (decimal 326)
   defining Unicode char U+0147 (decimal 327)
   defining Unicode char U+0148 (decimal 328)
   defining Unicode char U+014A (decimal 330)
   defining Unicode char U+014B (decimal 331)
   defining Unicode char U+014C (decimal 332)
   defining Unicode char U+014D (decimal 333)
   defining Unicode char U+014E (decimal 334)
   defining Unicode char U+014F (decimal 335)
   defining Unicode char U+0150 (decimal 336)
   defining Unicode char U+0151 (decimal 337)
   defining Unicode char U+0152 (decimal 338)
   defining Unicode char U+0153 (decimal 339)
   defining Unicode char U+0154 (decimal 340)
   defining Unicode char U+0155 (decimal 341)
   defining Unicode char U+0156 (decimal 342)
   defining Unicode char U+0157 (decimal 343)
   defining Unicode char U+0158 (decimal 344)
   defining Unicode char U+0159 (decimal 345)
   defining Unicode char U+015A (decimal 346)
   defining Unicode char U+015B (decimal 347)
   defining Unicode char U+015C (decimal 348)
   defining Unicode char U+015D (decimal 349)
   defining Unicode char U+015E (decimal 350)
   defining Unicode char U+015F (decimal 351)
   defining Unicode char U+0160 (decimal 352)
   defining Unicode char U+0161 (decimal 353)
   defining Unicode char U+0162 (decimal 354)
   defining Unicode char U+0163 (decimal 355)
   defining Unicode char U+0164 (decimal 356)
   defining Unicode char U+0165 (decimal 357)
   defining Unicode char U+0168 (decimal 360)
   defining Unicode char U+0169 (decimal 361)
   defining Unicode char U+016A (decimal 362)
   defining Unicode char U+016B (decimal 363)
   defining Unicode char U+016C (decimal 364)
   defining Unicode char U+016D (decimal 365)
   defining Unicode char U+016E (decimal 366)
   defining Unicode char U+016F (decimal 367)
   defining Unicode char U+0170 (decimal 368)
   defining Unicode char U+0171 (decimal 369)
   defining Unicode char U+0172 (decimal 370)
   defining Unicode char U+0173 (decimal 371)
   defining Unicode char U+0174 (decimal 372)
   defining Unicode char U+0175 (decimal 373)
   defining Unicode char U+0176 (decimal 374)
   defining Unicode char U+0177 (decimal 375)
   defining Unicode char U+0178 (decimal 376)
   defining Unicode char U+0179 (decimal 377)
   defining Unicode char U+017A (decimal 378)
   defining Unicode char U+017B (decimal 379)
   defining Unicode char U+017C (decimal 380)
   defining Unicode char U+017D (decimal 381)
   defining Unicode char U+017E (decimal 382)
   defining Unicode char U+01CD (decimal 461)
   defining Unicode char U+01CE (decimal 462)
   defining Unicode char U+01CF (decimal 463)
   defining Unicode char U+01D0 (decimal 464)
   defining Unicode char U+01D1 (decimal 465)
   defining Unicode char U+01D2 (decimal 466)
   defining Unicode char U+01D3 (decimal 467)
   defining Unicode char U+01D4 (decimal 468)
   defining Unicode char U+01E2 (decimal 482)
   defining Unicode char U+01E3 (decimal 483)
   defining Unicode char U+01E6 (decimal 486)
   defining Unicode char U+01E7 (decimal 487)
   defining Unicode char U+01E8 (decimal 488)
   defining Unicode char U+01E9 (decimal 489)
   defining Unicode char U+01EA (decimal 490)
   defining Unicode char U+01EB (decimal 491)
   defining Unicode char U+01F0 (decimal 496)
   defining Unicode char U+01F4 (decimal 500)
   defining Unicode char U+01F5 (decimal 501)
   defining Unicode char U+0218 (decimal 536)
   defining Unicode char U+0219 (decimal 537)
   defining Unicode char U+021A (decimal 538)
   defining Unicode char U+021B (decimal 539)
   defining Unicode char U+1E02 (decimal 7682)
   defining Unicode char U+1E03 (decimal 7683)
   defining Unicode char U+200C (decimal 8204)
   defining Unicode char U+2010 (decimal 8208)
   defining Unicode char U+2011 (decimal 8209)
   defining Unicode char U+2012 (decimal 8210)
   defining Unicode char U+2013 (decimal 8211)
   defining Unicode char U+2014 (decimal 8212)
   defining Unicode char U+2015 (decimal 8213)
   defining Unicode char U+2018 (decimal 8216)
   defining Unicode char U+2019 (decimal 8217)
   defining Unicode char U+201A (decimal 8218)
   defining Unicode char U+201C (decimal 8220)
   defining Unicode char U+201D (decimal 8221)
   defining Unicode char U+201E (decimal 8222)
   defining Unicode char U+2030 (decimal 8240)
   defining Unicode char U+2031 (decimal 8241)
   defining Unicode char U+2039 (decimal 8249)
   defining Unicode char U+203A (decimal 8250)
   defining Unicode char U+2423 (decimal 9251)
)
Now handling font encoding OT1 ...
... processing UTF-8 mapping file for font encoding OT1

("C:\Users\Rui\AppData\Local\Programs\MiKTeX 2.9\tex\latex\base\ot1enc.dfu"
File: ot1enc.dfu 2016/02/28 v1.1s UTF-8 support for inputenc
   defining Unicode char U+00A0 (decimal 160)
   defining Unicode char U+00A1 (decimal 161)
   defining Unicode char U+00A3 (decimal 163)
   defining Unicode char U+00AD (decimal 173)
   defining Unicode char U+00B8 (decimal 184)
   defining Unicode char U+00BF (decimal 191)
   defining Unicode char U+00C5 (decimal 197)
   defining Unicode char U+00C6 (decimal 198)
   defining Unicode char U+00D8 (decimal 216)
   defining Unicode char U+00DF (decimal 223)
   defining Unicode char U+00E6 (decimal 230)
   defining Unicode char U+00EC (decimal 236)
   defining Unicode char U+00ED (decimal 237)
   defining Unicode char U+00EE (decimal 238)
   defining Unicode char U+00EF (decimal 239)
   defining Unicode char U+00F8 (decimal 248)
   defining Unicode char U+0131 (decimal 305)
   defining Unicode char U+0141 (decimal 321)
   defining Unicode char U+0142 (decimal 322)
   defining Unicode char U+0152 (decimal 338)
   defining Unicode char U+0153 (decimal 339)
   defining Unicode char U+0174 (decimal 372)
   defining Unicode char U+0175 (decimal 373)
   defining Unicode char U+0176 (decimal 374)
   defining Unicode char U+0177 (decimal 375)
   defining Unicode char U+0218 (decimal 536)
   defining Unicode char U+0219 (decimal 537)
   defining Unicode char U+021A (decimal 538)
   defining Unicode char U+021B (decimal 539)
   defining Unicode char U+2013 (decimal 8211)
   defining Unicode char U+2014 (decimal 8212)
   defining Unicode char U+2018 (decimal 8216)
   defining Unicode char U+2019 (decimal 8217)
   defining Unicode char U+201C (decimal 8220)
   defining Unicode char U+201D (decimal 8221)
)
Now handling font encoding OMS ...
... processing UTF-8 mapping file for font encoding OMS

("C:\Users\Rui\AppData\Local\Programs\MiKTeX 2.9\tex\latex\base\omsenc.dfu"
File: omsenc.dfu 2016/02/28 v1.1s UTF-8 support for inputenc
   defining Unicode char U+00A7 (decimal 167)
   defining Unicode char U+00B6 (decimal 182)
   defining Unicode char U+00B7 (decimal 183)
   defining Unicode char U+2020 (decimal 8224)
   defining Unicode char U+2021 (decimal 8225)
   defining Unicode char U+2022 (decimal 8226)
)
Now handling font encoding OMX ...
... no UTF-8 mapping file for font encoding OMX
Now handling font encoding U ...
... no UTF-8 mapping file for font encoding U
   defining Unicode char U+00A9 (decimal 169)
   defining Unicode char U+00AA (decimal 170)
   defining Unicode char U+00AE (decimal 174)
   defining Unicode char U+00BA (decimal 186)
   defining Unicode char U+02C6 (decimal 710)
   defining Unicode char U+02DC (decimal 732)
   defining Unicode char U+200C (decimal 8204)
   defining Unicode char U+2026 (decimal 8230)
   defining Unicode char U+2122 (decimal 8482)
   defining Unicode char U+2423 (decimal 9251)
))
("C:\Users\Rui\AppData\Local\Programs\MiKTeX 2.9\tex\latex\amsmath\amsmath.sty"
Package: amsmath 2016/06/28 v2.15d AMS math features
\@mathmargin=\skip43
For additional information on amsmath, use the `?' option.
("C:\Users\Rui\AppData\Local\Programs\MiKTeX 2.9\tex\latex\amsmath\amstext.sty"
Package: amstext 2000/06/29 v2.01 AMS text
("C:\Users\Rui\AppData\Local\Programs\MiKTeX 2.9\tex\latex\amsmath\amsgen.sty"
File: amsgen.sty 1999/11/30 v2.0 generic functions
\@emptytoks=\toks16
\ex@=\dimen103
)) ("C:\Users\Rui\AppData\Local\Programs\MiKTeX 2.9\tex\latex\amsmath\amsbsy.st
y"
Package: amsbsy 1999/11/29 v1.2d Bold Symbols
\pmbraise@=\dimen104
) ("C:\Users\Rui\AppData\Local\Programs\MiKTeX 2.9\tex\latex\amsmath\amsopn.sty
"
Package: amsopn 2016/03/08 v2.02 operator names
)
\inf@bad=\count87
LaTeX Info: Redefining \frac on input line 199.
\uproot@=\count88
\leftroot@=\count89
LaTeX Info: Redefining \overline on input line 297.
\classnum@=\count90
\DOTSCASE@=\count91
LaTeX Info: Redefining \ldots on input line 394.
LaTeX Info: Redefining \dots on input line 397.
LaTeX Info: Redefining \cdots on input line 518.
\Mathstrutbox@=\box26
\strutbox@=\box27
\big@size=\dimen105
LaTeX Font Info:    Redeclaring font encoding OML on input line 634.
LaTeX Font Info:    Redeclaring font encoding OMS on input line 635.
\macc@depth=\count92
\c@MaxMatrixCols=\count93
\dotsspace@=\muskip10
\c@parentequation=\count94
\dspbrk@lvl=\count95
\tag@help=\toks17
\row@=\count96
\column@=\count97
\maxfields@=\count98
\andhelp@=\toks18
\eqnshift@=\dimen106
\alignsep@=\dimen107
\tagshift@=\dimen108
\tagwidth@=\dimen109
\totwidth@=\dimen110
\lineht@=\dimen111
\@envbody=\toks19
\multlinegap=\skip44
\multlinetaggap=\skip45
\mathdisplay@stack=\toks20
LaTeX Info: Redefining \[ on input line 2739.
LaTeX Info: Redefining \] on input line 2740.
) ("C:\Users\Rui\AppData\Local\Programs\MiKTeX 2.9\tex\latex\float\float.sty"
Package: float 2001/11/08 v1.3d Float enhancements (AL)
\c@float@type=\count99
\float@exts=\toks21
\float@box=\box28
\@float@everytoks=\toks22
\@floatcapt=\box29
)
("C:\Users\Rui\AppData\Local\Programs\MiKTeX 2.9\tex\latex\amsfonts\amsfonts.st
y"
Package: amsfonts 2013/01/14 v3.01 Basic AMSFonts support
\symAMSa=\mathgroup4
\symAMSb=\mathgroup5
LaTeX Font Info:    Overwriting math alphabet `\mathfrak' in version `bold'
(Font)                  U/euf/m/n --> U/euf/b/n on input line 106.
)
("C:\Users\Rui\AppData\Local\Programs\MiKTeX 2.9\tex\latex\amsfonts\amssymb.sty
"
Package: amssymb 2013/01/14 v3.01 AMS font symbols
)
("C:\Users\Rui\AppData\Local\Programs\MiKTeX 2.9\tex\latex\graphics\graphicx.st
y"
Package: graphicx 2014/10/28 v1.0g Enhanced LaTeX Graphics (DPC,SPQR)

("C:\Users\Rui\AppData\Local\Programs\MiKTeX 2.9\tex\latex\graphics\keyval.sty"
Package: keyval 2014/10/28 v1.15 key=value parser (DPC)
\KV@toks@=\toks23
)
("C:\Users\Rui\AppData\Local\Programs\MiKTeX 2.9\tex\latex\graphics\graphics.st
y"
Package: graphics 2016/07/10 v1.0t Standard LaTeX Graphics (DPC,SPQR)
 ("C:\Users\Rui\AppData\Local\Programs\MiKTeX 2.9\tex\latex\graphics\trig.sty"
Package: trig 2016/01/03 v1.10 sin cos tan (DPC)
)
("C:\Users\Rui\AppData\Local\Programs\MiKTeX 2.9\tex\latex\00miktex\graphics.cf
g"
File: graphics.cfg 2016/06/04 v1.11 sample graphics configuration
)
Package graphics Info: Driver file: pdftex.def on input line 99.

("C:\Users\Rui\AppData\Local\Programs\MiKTeX 2.9\tex\latex\graphics-def\pdftex.
def"
File: pdftex.def 2016/07/10 v0.06j Graphics/color for pdfTeX

("C:\Users\Rui\AppData\Local\Programs\MiKTeX 2.9\tex\generic\oberdiek\infwarerr
.sty"
Package: infwarerr 2016/05/16 v1.4 Providing info/warning/error messages (HO)
)
("C:\Users\Rui\AppData\Local\Programs\MiKTeX 2.9\tex\generic\oberdiek\ltxcmds.s
ty"
Package: ltxcmds 2016/05/16 v1.23 LaTeX kernel commands for general use (HO)
)
\Gread@gobject=\count100
))
\Gin@req@height=\dimen112
\Gin@req@width=\dimen113
) ("C:\Users\Rui\AppData\Local\Programs\MiKTeX 2.9\tex\latex\cite\cite.sty"
LaTeX Info: Redefining \cite on input line 302.
LaTeX Info: Redefining \nocite on input line 332.
Package: cite 2015/02/27  v 5.5
)
("C:\Users\Rui\AppData\Local\Programs\MiKTeX 2.9\tex\latex\hyperref\hyperref.st
y"
Package: hyperref 2016/06/24 v6.83q Hypertext links for LaTeX

("C:\Users\Rui\AppData\Local\Programs\MiKTeX 2.9\tex\generic\oberdiek\hobsub-hy
perref.sty"
Package: hobsub-hyperref 2016/05/16 v1.14 Bundle oberdiek, subset hyperref (HO)


("C:\Users\Rui\AppData\Local\Programs\MiKTeX 2.9\tex\generic\oberdiek\hobsub-ge
neric.sty"
Package: hobsub-generic 2016/05/16 v1.14 Bundle oberdiek, subset generic (HO)
Package: hobsub 2016/05/16 v1.14 Construct package bundles (HO)
Package hobsub Info: Skipping package `infwarerr' (already loaded).
Package hobsub Info: Skipping package `ltxcmds' (already loaded).
Package: ifluatex 2016/05/16 v1.4 Provides the ifluatex switch (HO)
Package ifluatex Info: LuaTeX not detected.
Package: ifvtex 2016/05/16 v1.6 Detect VTeX and its facilities (HO)
Package ifvtex Info: VTeX not detected.
Package: intcalc 2016/05/16 v1.2 Expandable calculations with integers (HO)
Package: ifpdf 2016/05/14 v3.1 Provides the ifpdf switch
Package: etexcmds 2016/05/16 v1.6 Avoid name clashes with e-TeX commands (HO)
Package etexcmds Info: Could not find \expanded.
(etexcmds)             That can mean that you are not using pdfTeX 1.50 or
(etexcmds)             that some package has redefined \expanded.
(etexcmds)             In the latter case, load this package earlier.
Package: kvsetkeys 2016/05/16 v1.17 Key value parser (HO)
Package: kvdefinekeys 2016/05/16 v1.4 Define keys (HO)
Package: pdftexcmds 2016/05/21 v0.22 Utility functions of pdfTeX for LuaTeX (HO
)
Package pdftexcmds Info: LuaTeX not detected.
Package pdftexcmds Info: \pdf@primitive is available.
Package pdftexcmds Info: \pdf@ifprimitive is available.
Package pdftexcmds Info: \pdfdraftmode found.
Package: pdfescape 2016/05/16 v1.14 Implements pdfTeX's escape features (HO)
Package: bigintcalc 2016/05/16 v1.4 Expandable calculations on big integers (HO
)
Package: bitset 2016/05/16 v1.2 Handle bit-vector datatype (HO)
Package: uniquecounter 2016/05/16 v1.3 Provide unlimited unique counter (HO)
)
Package hobsub Info: Skipping package `hobsub' (already loaded).
Package: letltxmacro 2016/05/16 v1.5 Let assignment for LaTeX macros (HO)
Package: hopatch 2016/05/16 v1.3 Wrapper for package hooks (HO)
Package: xcolor-patch 2016/05/16 xcolor patch
Package: atveryend 2016/05/16 v1.9 Hooks at the very end of document (HO)
Package atveryend Info: \enddocument detected (standard20110627).
Package: atbegshi 2016/06/09 v1.18 At begin shipout hook (HO)
Package: refcount 2016/05/16 v3.5 Data extraction from label references (HO)
Package: hycolor 2016/05/16 v1.8 Color options for hyperref/bookmark (HO)
)
("C:\Users\Rui\AppData\Local\Programs\MiKTeX 2.9\tex\generic\ifxetex\ifxetex.st
y"
Package: ifxetex 2010/09/12 v0.6 Provides ifxetex conditional
)
("C:\Users\Rui\AppData\Local\Programs\MiKTeX 2.9\tex\latex\oberdiek\auxhook.sty
"
Package: auxhook 2016/05/16 v1.4 Hooks for auxiliary files (HO)
)
("C:\Users\Rui\AppData\Local\Programs\MiKTeX 2.9\tex\latex\oberdiek\kvoptions.s
ty"
Package: kvoptions 2016/05/16 v3.12 Key value format for package options (HO)
)
\@linkdim=\dimen114
\Hy@linkcounter=\count101
\Hy@pagecounter=\count102

("C:\Users\Rui\AppData\Local\Programs\MiKTeX 2.9\tex\latex\hyperref\pd1enc.def"
File: pd1enc.def 2016/06/24 v6.83q Hyperref: PDFDocEncoding definition (HO)
Now handling font encoding PD1 ...
... no UTF-8 mapping file for font encoding PD1
)
\Hy@SavedSpaceFactor=\count103

("C:\Users\Rui\AppData\Local\Programs\MiKTeX 2.9\tex\latex\00miktex\hyperref.cf
g"
File: hyperref.cfg 2002/06/06 v1.2 hyperref configuration of TeXLive
)
Package hyperref Info: Hyper figures OFF on input line 4486.
Package hyperref Info: Link nesting OFF on input line 4491.
Package hyperref Info: Hyper index ON on input line 4494.
Package hyperref Info: Plain pages OFF on input line 4501.
Package hyperref Info: Backreferencing OFF on input line 4506.
Package hyperref Info: Implicit mode ON; LaTeX internals redefined.
Package hyperref Info: Bookmarks ON on input line 4735.
\c@Hy@tempcnt=\count104
 ("C:\Users\Rui\AppData\Local\Programs\MiKTeX 2.9\tex\latex\url\url.sty"
\Urlmuskip=\muskip11
Package: url 2013/09/16  ver 3.4  Verb mode for urls, etc.
)
LaTeX Info: Redefining \url on input line 5088.
\XeTeXLinkMargin=\dimen115
\Fld@menulength=\count105
\Field@Width=\dimen116
\Fld@charsize=\dimen117
Package hyperref Info: Hyper figures OFF on input line 6342.
Package hyperref Info: Link nesting OFF on input line 6347.
Package hyperref Info: Hyper index ON on input line 6350.
Package hyperref Info: backreferencing OFF on input line 6357.
Package hyperref Info: Link coloring OFF on input line 6362.
Package hyperref Info: Link coloring with OCG OFF on input line 6367.
Package hyperref Info: PDF/A mode OFF on input line 6372.
LaTeX Info: Redefining \ref on input line 6412.
LaTeX Info: Redefining \pageref on input line 6416.
\Hy@abspage=\count106
\c@Item=\count107
\c@Hfootnote=\count108
)

Package hyperref Message: Driver (autodetected): hpdftex.

("C:\Users\Rui\AppData\Local\Programs\MiKTeX 2.9\tex\latex\hyperref\hpdftex.def
"
File: hpdftex.def 2016/06/24 v6.83q Hyperref driver for pdfTeX
\Fld@listcount=\count109
\c@bookmark@seq@number=\count110

("C:\Users\Rui\AppData\Local\Programs\MiKTeX 2.9\tex\latex\oberdiek\rerunfilech
eck.sty"
Package: rerunfilecheck 2016/05/16 v1.8 Rerun checks for auxiliary files (HO)
Package uniquecounter Info: New unique counter `rerunfilecheck' on input line 2
82.
)
\Hy@SectionHShift=\skip46
) ("Spine Simulation.aux")
\openout1 = `"Spine Simulation.aux"'.

LaTeX Font Info:    Checking defaults for OML/cmm/m/it on input line 17.
LaTeX Font Info:    ... okay on input line 17.
LaTeX Font Info:    Checking defaults for T1/cmr/m/n on input line 17.
LaTeX Font Info:    ... okay on input line 17.
LaTeX Font Info:    Checking defaults for OT1/cmr/m/n on input line 17.
LaTeX Font Info:    ... okay on input line 17.
LaTeX Font Info:    Checking defaults for OMS/cmsy/m/n on input line 17.
LaTeX Font Info:    ... okay on input line 17.
LaTeX Font Info:    Checking defaults for OMX/cmex/m/n on input line 17.
LaTeX Font Info:    ... okay on input line 17.
LaTeX Font Info:    Checking defaults for U/cmr/m/n on input line 17.
LaTeX Font Info:    ... okay on input line 17.
LaTeX Font Info:    Checking defaults for PD1/pdf/m/n on input line 17.
LaTeX Font Info:    ... okay on input line 17.

("C:\Users\Rui\AppData\Local\Programs\MiKTeX 2.9\tex\context\base\supp-pdf.mkii
"
[Loading MPS to PDF converter (version 2006.09.02).]
\scratchcounter=\count111
\scratchdimen=\dimen118
\scratchbox=\box30
\nofMPsegments=\count112
\nofMParguments=\count113
\everyMPshowfont=\toks24
\MPscratchCnt=\count114
\MPscratchDim=\dimen119
\MPnumerator=\count115
\makeMPintoPDFobject=\count116
\everyMPtoPDFconversion=\toks25
)
("C:\Users\Rui\AppData\Local\Programs\MiKTeX 2.9\tex\latex\oberdiek\epstopdf-ba
se.sty"
Package: epstopdf-base 2016/05/15 v2.6 Base part for package epstopdf

("C:\Users\Rui\AppData\Local\Programs\MiKTeX 2.9\tex\latex\oberdiek\grfext.sty"
Package: grfext 2016/05/16 v1.2 Manage graphics extensions (HO)
)
Package epstopdf-base Info: Redefining graphics rule for `.eps' on input line 4
38.
Package grfext Info: Graphics extension search list:
(grfext)             [.png,.pdf,.jpg,.mps,.jpeg,.jbig2,.jb2,.PNG,.PDF,.JPG,.JPE
G,.JBIG2,.JB2,.eps]
(grfext)             \AppendGraphicsExtensions on input line 456.
)
\AtBeginShipoutBox=\box31
Package hyperref Info: Link coloring OFF on input line 17.

("C:\Users\Rui\AppData\Local\Programs\MiKTeX 2.9\tex\latex\hyperref\nameref.sty
"
Package: nameref 2016/05/21 v2.44 Cross-referencing by name of section

("C:\Users\Rui\AppData\Local\Programs\MiKTeX 2.9\tex\generic\oberdiek\gettitles
tring.sty"
Package: gettitlestring 2016/05/16 v1.5 Cleanup title references (HO)
)
\c@section@level=\count117
)
LaTeX Info: Redefining \ref on input line 17.
LaTeX Info: Redefining \pageref on input line 17.
LaTeX Info: Redefining \nameref on input line 17.
 ("Spine Simulation.out") ("Spine Simulation.out")
\@outlinefile=\write3
\openout3 = `"Spine Simulation.out"'.

LaTeX Font Info:    Try loading font information for U+msa on input line 19.

("C:\Users\Rui\AppData\Local\Programs\MiKTeX 2.9\tex\latex\amsfonts\umsa.fd"
File: umsa.fd 2013/01/14 v3.01 AMS symbols A
)
LaTeX Font Info:    Try loading font information for U+msb on input line 19.

("C:\Users\Rui\AppData\Local\Programs\MiKTeX 2.9\tex\latex\amsfonts\umsb.fd"
File: umsb.fd 2013/01/14 v3.01 AMS symbols B
)
[1

{C:/Users/Rui/AppData/Local/MiKTeX/2.9/pdftex/config/pdftex.map}] [2]
[3] [4] [5]
Overfull \hbox (0.56299pt too wide) in paragraph at lines 134--134
[][]\OT1/cmr/bx/n/14.4 System 1: Ho-mo-ge-neous Medium, Two El-e-ments,
 []

<./images/setup1.png, id=79, 747.79375pt x 356.33125pt>
File: ./images/setup1.png Graphic file (type png)

<use ./images/setup1.png>
Package pdftex.def Info: ./images/setup1.png used on input line 140.
(pdftex.def)             Requested size: 373.89595pt x 178.16518pt.

Overfull \hbox (28.89595pt too wide) in paragraph at lines 140--141
 [][] 
 []


LaTeX Warning: `!h' float specifier changed to `!ht'.


Underfull \hbox (badness 10000) in paragraph at lines 147--148

 []

<./images/f150kHz.jpg, id=81, 1124.2pt x 421.575pt>
File: ./images/f150kHz.jpg Graphic file (type jpg)
 <use ./images/f150kHz.jpg>
Package pdftex.def Info: ./images/f150kHz.jpg used on input line 153.
(pdftex.def)             Requested size: 674.5252pt x 252.94695pt.

Overfull \hbox (189.48364pt too wide) in paragraph at lines 152--154
[]|  [] 
 []


LaTeX Warning: `!h' float specifier changed to `!ht'.

<./images/f160kHz.jpg, id=82, 1124.2pt x 421.575pt>
File: ./images/f160kHz.jpg Graphic file (type jpg)
 <use ./images/f160kHz.jpg>
Package pdftex.def Info: ./images/f160kHz.jpg used on input line 158.
(pdftex.def)             Requested size: 674.5252pt x 252.94695pt.

Overfull \hbox (189.48364pt too wide) in paragraph at lines 157--159
[]|  [] 
 []


LaTeX Warning: `!h' float specifier changed to `!ht'.

<./images/f170kHz.jpg, id=83, 1124.2pt x 421.575pt>
File: ./images/f170kHz.jpg Graphic file (type jpg)
 <use ./images/f170kHz.jpg>
Package pdftex.def Info: ./images/f170kHz.jpg used on input line 163.
(pdftex.def)             Requested size: 674.5252pt x 252.94695pt.

Overfull \hbox (189.48364pt too wide) in paragraph at lines 162--164
[]|  [] 
 []


LaTeX Warning: `!h' float specifier changed to `!ht'.

<./images/f180kHz.jpg, id=84, 1124.2pt x 421.575pt>
File: ./images/f180kHz.jpg Graphic file (type jpg)
 <use ./images/f180kHz.jpg>
Package pdftex.def Info: ./images/f180kHz.jpg used on input line 168.
(pdftex.def)             Requested size: 674.5252pt x 252.94695pt.

Overfull \hbox (189.48364pt too wide) in paragraph at lines 167--169
[]|  [] 
 []


LaTeX Warning: `!h' float specifier changed to `!ht'.

<./images/f190kHz.jpg, id=85, 1124.2pt x 421.575pt>
File: ./images/f190kHz.jpg Graphic file (type jpg)
 <use ./images/f190kHz.jpg>
Package pdftex.def Info: ./images/f190kHz.jpg used on input line 173.
(pdftex.def)             Requested size: 674.5252pt x 252.94695pt.

Overfull \hbox (189.48364pt too wide) in paragraph at lines 172--174
[]|  [] 
 []


LaTeX Warning: `!h' float specifier changed to `!ht'.

<./images/f200kHz.jpg, id=86, 1124.2pt x 421.575pt>
File: ./images/f200kHz.jpg Graphic file (type jpg)
 <use ./images/f200kHz.jpg>
Package pdftex.def Info: ./images/f200kHz.jpg used on input line 178.
(pdftex.def)             Requested size: 674.5252pt x 252.94695pt.

Overfull \hbox (189.48364pt too wide) in paragraph at lines 177--179
[]|  [] 
 []


LaTeX Warning: `!h' float specifier changed to `!ht'.

<./images/f210kHz.jpg, id=87, 1124.2pt x 421.575pt>
File: ./images/f210kHz.jpg Graphic file (type jpg)
 <use ./images/f210kHz.jpg>
Package pdftex.def Info: ./images/f210kHz.jpg used on input line 183.
(pdftex.def)             Requested size: 674.5252pt x 252.94695pt.

Overfull \hbox (189.48364pt too wide) in paragraph at lines 182--184
[]|  [] 
 []


LaTeX Warning: `!h' float specifier changed to `!ht'.

<./images/f220kHz.jpg, id=88, 1124.2pt x 421.575pt>
File: ./images/f220kHz.jpg Graphic file (type jpg)
 <use ./images/f220kHz.jpg>
Package pdftex.def Info: ./images/f220kHz.jpg used on input line 188.
(pdftex.def)             Requested size: 674.5252pt x 252.94695pt.

Overfull \hbox (189.48364pt too wide) in paragraph at lines 187--189
[]|  [] 
 []


LaTeX Warning: `!h' float specifier changed to `!ht'.

<./images/f230kHz.jpg, id=89, 1124.2pt x 421.575pt>
File: ./images/f230kHz.jpg Graphic file (type jpg)
 <use ./images/f230kHz.jpg>
Package pdftex.def Info: ./images/f230kHz.jpg used on input line 193.
(pdftex.def)             Requested size: 674.5252pt x 252.94695pt.

Overfull \hbox (189.48364pt too wide) in paragraph at lines 192--194
[]|  [] 
 []


LaTeX Warning: `!h' float specifier changed to `!ht'.

<./images/f240kHz.jpg, id=90, 1124.2pt x 421.575pt>
File: ./images/f240kHz.jpg Graphic file (type jpg)
 <use ./images/f240kHz.jpg>
Package pdftex.def Info: ./images/f240kHz.jpg used on input line 198.
(pdftex.def)             Requested size: 674.5252pt x 252.94695pt.

Overfull \hbox (189.48364pt too wide) in paragraph at lines 197--199
[]|  [] 
 []


LaTeX Warning: `!h' float specifier changed to `!ht'.

<./images/f250kHz.jpg, id=91, 1124.2pt x 421.575pt>
File: ./images/f250kHz.jpg Graphic file (type jpg)
 <use ./images/f250kHz.jpg>
Package pdftex.def Info: ./images/f250kHz.jpg used on input line 203.
(pdftex.def)             Requested size: 674.5252pt x 252.94695pt.

Overfull \hbox (189.48364pt too wide) in paragraph at lines 202--204
[]|  [] 
 []


LaTeX Warning: `!h' float specifier changed to `!ht'.

<./images/f260kHz.jpg, id=92, 1124.2pt x 421.575pt>
File: ./images/f260kHz.jpg Graphic file (type jpg)
 <use ./images/f260kHz.jpg>
Package pdftex.def Info: ./images/f260kHz.jpg used on input line 208.
(pdftex.def)             Requested size: 674.5252pt x 252.94695pt.

Overfull \hbox (189.48364pt too wide) in paragraph at lines 207--209
[]|  [] 
 []


LaTeX Warning: `!h' float specifier changed to `!ht'.

<./images/f270kHz.jpg, id=93, 1124.2pt x 421.575pt>
File: ./images/f270kHz.jpg Graphic file (type jpg)
 <use ./images/f270kHz.jpg>
Package pdftex.def Info: ./images/f270kHz.jpg used on input line 213.
(pdftex.def)             Requested size: 674.5252pt x 252.94695pt.

Overfull \hbox (189.48364pt too wide) in paragraph at lines 212--214
[]|  [] 
 []


LaTeX Warning: `!h' float specifier changed to `!ht'.

<./images/f280kHz.jpg, id=94, 1124.2pt x 421.575pt>
File: ./images/f280kHz.jpg Graphic file (type jpg)
 <use ./images/f280kHz.jpg>
Package pdftex.def Info: ./images/f280kHz.jpg used on input line 218.
(pdftex.def)             Requested size: 674.5252pt x 252.94695pt.

Overfull \hbox (189.48364pt too wide) in paragraph at lines 217--219
[]|  [] 
 []


LaTeX Warning: `!h' float specifier changed to `!ht'.

<./images/f290kHz.jpg, id=95, 1124.2pt x 421.575pt>
File: ./images/f290kHz.jpg Graphic file (type jpg)
 <use ./images/f290kHz.jpg>
Package pdftex.def Info: ./images/f290kHz.jpg used on input line 223.
(pdftex.def)             Requested size: 674.5252pt x 252.94695pt.

Overfull \hbox (189.48364pt too wide) in paragraph at lines 222--224
[]|  [] 
 []


LaTeX Warning: `!h' float specifier changed to `!ht'.

<./images/f300kHz.jpg, id=96, 1124.2pt x 421.575pt>
File: ./images/f300kHz.jpg Graphic file (type jpg)
 <use ./images/f300kHz.jpg>
Package pdftex.def Info: ./images/f300kHz.jpg used on input line 228.
(pdftex.def)             Requested size: 674.5252pt x 252.94695pt.

Overfull \hbox (189.48364pt too wide) in paragraph at lines 227--229
[]|  [] 
 []


LaTeX Warning: `!h' float specifier changed to `!ht'.

<./images/f310kHz.jpg, id=97, 1124.2pt x 421.575pt>
File: ./images/f310kHz.jpg Graphic file (type jpg)
 <use ./images/f310kHz.jpg>
Package pdftex.def Info: ./images/f310kHz.jpg used on input line 233.
(pdftex.def)             Requested size: 674.5252pt x 252.94695pt.

Overfull \hbox (189.48364pt too wide) in paragraph at lines 232--234
[]|  [] 
 []


LaTeX Warning: `!h' float specifier changed to `!ht'.

<./images/f320kHz.jpg, id=98, 1124.2pt x 421.575pt>
File: ./images/f320kHz.jpg Graphic file (type jpg)
 <use ./images/f320kHz.jpg>
Package pdftex.def Info: ./images/f320kHz.jpg used on input line 238.
(pdftex.def)             Requested size: 674.5252pt x 252.94695pt.

Overfull \hbox (189.48364pt too wide) in paragraph at lines 237--239
[]|  [] 
 []


LaTeX Warning: `!h' float specifier changed to `!ht'.

<./images/f330kHz.jpg, id=99, 1124.2pt x 421.575pt>
File: ./images/f330kHz.jpg Graphic file (type jpg)
 <use ./images/f330kHz.jpg>
Package pdftex.def Info: ./images/f330kHz.jpg used on input line 243.
(pdftex.def)             Requested size: 674.5252pt x 252.94695pt.

Overfull \hbox (189.48364pt too wide) in paragraph at lines 242--244
[]|  [] 
 []


LaTeX Warning: `!h' float specifier changed to `!ht'.

<./images/f340kHz.jpg, id=100, 1124.2pt x 421.575pt>
File: ./images/f340kHz.jpg Graphic file (type jpg)

<use ./images/f340kHz.jpg>
Package pdftex.def Info: ./images/f340kHz.jpg used on input line 248.
(pdftex.def)             Requested size: 674.5252pt x 252.94695pt.

Overfull \hbox (189.48364pt too wide) in paragraph at lines 247--249
[]|  [] 
 []


LaTeX Warning: `!h' float specifier changed to `!ht'.

<./images/f350kHz.jpg, id=101, 1124.2pt x 421.575pt>
File: ./images/f350kHz.jpg Graphic file (type jpg)

<use ./images/f350kHz.jpg>
Package pdftex.def Info: ./images/f350kHz.jpg used on input line 253.
(pdftex.def)             Requested size: 674.5252pt x 252.94695pt.

Overfull \hbox (189.48364pt too wide) in paragraph at lines 252--254
[]|  [] 
 []


LaTeX Warning: `!h' float specifier changed to `!ht'.

[6] [7 <./images/setup1.png> <./images/f150kHz.jpg>]

LaTeX Warning: Text page 8 contains only floats.

[8 <./images/f160kHz.jpg> <./images/f170kHz.jpg>]

LaTeX Warning: Text page 9 contains only floats.

[9 <./images/f180kHz.jpg> <./images/f190kHz.jpg>]

LaTeX Warning: Text page 10 contains only floats.

[10 <./images/f200kHz.jpg> <./images/f210kHz.jpg>]

LaTeX Warning: Text page 11 contains only floats.

[11 <./images/f220kHz.jpg> <./images/f230kHz.jpg>]

LaTeX Warning: Text page 12 contains only floats.

[12 <./images/f240kHz.jpg> <./images/f250kHz.jpg>]

LaTeX Warning: Text page 13 contains only floats.

[13 <./images/f260kHz.jpg> <./images/f270kHz.jpg>]

LaTeX Warning: Text page 14 contains only floats.

[14 <./images/f280kHz.jpg> <./images/f290kHz.jpg>]

LaTeX Warning: Text page 15 contains only floats.

[15 <./images/f300kHz.jpg> <./images/f310kHz.jpg>]

LaTeX Warning: Text page 16 contains only floats.

[16 <./images/f320kHz.jpg> <./images/f330kHz.jpg>]

LaTeX Warning: Text page 17 contains only floats.

[17 <./images/f340kHz.jpg> <./images/f350kHz.jpg>]

Package hyperref Warning: Suppressing empty link on input line 268.

<./images/FWHM_freq.jpg, id=179, 562.1pt x 421.575pt>
File: ./images/FWHM_freq.jpg Graphic file (type jpg)

<use ./images/FWHM_freq.jpg>
Package pdftex.def Info: ./images/FWHM_freq.jpg used on input line 272.
(pdftex.def)             Requested size: 337.2626pt x 252.94695pt.

<./images/FWHM_centre.jpg, id=180, 562.1pt x 421.575pt>
File: ./images/FWHM_centre.jpg Graphic file (type jpg)

<use ./images/FWHM_centre.jpg>
Package pdftex.def Info: ./images/FWHM_centre.jpg used on input line 282.
(pdftex.def)             Requested size: 337.2626pt x 252.94695pt.
 [18 <./images/FWHM_freq.jpg>]

Package hyperref Warning: Suppressing empty link on input line 288.

<./images/Max_RMS_pressure_coords.jpg, id=189, 562.1pt x 421.575pt>
File: ./images/Max_RMS_pressure_coords.jpg Graphic file (type jpg)

<use ./images/Max_RMS_pressure_coords.jpg>
Package pdftex.def Info: ./images/Max_RMS_pressure_coords.jpg used on input lin
e 292.
(pdftex.def)             Requested size: 365.36067pt x 274.0205pt.

Overfull \hbox (20.36067pt too wide) in paragraph at lines 292--293
 [][] 
 []

[19 <./images/FWHM_centre.jpg>] [20 <./images/Max_RMS_pressure_coords.jpg>]
<./images/setup2.png, id=208, 747.79375pt x 356.33125pt>
File: ./images/setup2.png Graphic file (type png)

<use ./images/setup2.png>
Package pdftex.def Info: ./images/setup2.png used on input line 314.
(pdftex.def)             Requested size: 373.89595pt x 178.16518pt.

Overfull \hbox (28.89595pt too wide) in paragraph at lines 314--315
 [][] 
 []

<./images/circle_elasticvsfluid_heatmap.jpg, id=212, 562.1pt x 421.575pt>
File: ./images/circle_elasticvsfluid_heatmap.jpg Graphic file (type jpg)

<use ./images/circle_elasticvsfluid_heatmap.jpg>
Package pdftex.def Info: ./images/circle_elasticvsfluid_heatmap.jpg used on inp
ut line 322.
(pdftex.def)             Requested size: 393.46732pt x 295.10048pt.

Overfull \hbox (48.46732pt too wide) in paragraph at lines 322--323
 [][] 
 []

[21 <./images/setup2.png>]
<./images/FWHM_elasticvsfluid.jpg, id=223, 1100.11pt x 421.575pt>
File: ./images/FWHM_elasticvsfluid.jpg Graphic file (type jpg)

<use ./images/FWHM_elasticvsfluid.jpg>
Package pdftex.def Info: ./images/FWHM_elasticvsfluid.jpg used on input line 33
0.
(pdftex.def)             Requested size: 550.05367pt x 210.78697pt.

Overfull \hbox (93.46486pt too wide) in paragraph at lines 329--332
[]|  []
 []

[22 <./images/circle_elasticvsfluid_heatmap.jpg>]
<./images/comp_200kHz.jpg, id=228, 1065.9825pt x 421.575pt>
File: ./images/comp_200kHz.jpg Graphic file (type jpg)

<use ./images/comp_200kHz.jpg>
Package pdftex.def Info: ./images/comp_200kHz.jpg used on input line 338.
(pdftex.def)             Requested size: 586.29219pt x 231.86696pt.

Overfull \hbox (129.70338pt too wide) in paragraph at lines 337--339
[]|  [] 
 []

<./images/comp_210kHz.jpg, id=229, 941.5175pt x 421.575pt>
File: ./images/comp_210kHz.jpg Graphic file (type jpg)

<use ./images/comp_210kHz.jpg>
Package pdftex.def Info: ./images/comp_210kHz.jpg used on input line 344.
(pdftex.def)             Requested size: 564.91487pt x 252.94695pt.

Overfull \hbox (108.32607pt too wide) in paragraph at lines 343--345
[]|  [] 
 []

<./images/comp_220kHz.jpg, id=230, 934.49126pt x 414.54875pt>
File: ./images/comp_220kHz.jpg Graphic file (type jpg)

<use ./images/comp_220kHz.jpg>
Package pdftex.def Info: ./images/comp_220kHz.jpg used on input line 350.
(pdftex.def)             Requested size: 560.69908pt x 248.73116pt.

Overfull \hbox (104.11028pt too wide) in paragraph at lines 349--351
[]|  [] 
 []

[23 <./images/FWHM_elasticvsfluid.jpg> <./images/comp_200kHz.jpg>]
<./images/comp_230kHz.jpg, id=237, 933.4875pt x 421.575pt>
File: ./images/comp_230kHz.jpg Graphic file (type jpg)

<use ./images/comp_230kHz.jpg>
Package pdftex.def Info: ./images/comp_230kHz.jpg used on input line 356.
(pdftex.def)             Requested size: 560.09683pt x 252.94695pt.

Overfull \hbox (103.50803pt too wide) in paragraph at lines 355--357
[]|  [] 
 []

<./images/comp_240kHz.jpg, id=238, 927.465pt x 419.5675pt>
File: ./images/comp_240kHz.jpg Graphic file (type jpg)

<use ./images/comp_240kHz.jpg>
Package pdftex.def Info: ./images/comp_240kHz.jpg used on input line 362.
(pdftex.def)             Requested size: 556.48329pt x 251.74243pt.

Overfull \hbox (99.89449pt too wide) in paragraph at lines 361--363
[]|  [] 
 []

[24 <./images/comp_210kHz.jpg> <./images/comp_220kHz.jpg>]
<./images/comp_250kHz.jpg, id=245, 924.45375pt x 421.575pt>
File: ./images/comp_250kHz.jpg Graphic file (type jpg)

<use ./images/comp_250kHz.jpg>
Package pdftex.def Info: ./images/comp_250kHz.jpg used on input line 368.
(pdftex.def)             Requested size: 554.67653pt x 252.94695pt.

Overfull \hbox (98.08772pt too wide) in paragraph at lines 367--369
[]|  [] 
 []

<./images/comp_260kHz.jpg, id=246, 920.43875pt x 421.575pt>
File: ./images/comp_260kHz.jpg Graphic file (type jpg)

<use ./images/comp_260kHz.jpg>
Package pdftex.def Info: ./images/comp_260kHz.jpg used on input line 374.
(pdftex.def)             Requested size: 552.26752pt x 252.94695pt.

Overfull \hbox (95.67871pt too wide) in paragraph at lines 373--375
[]|  [] 
 []

[25 <./images/comp_230kHz.jpg> <./images/comp_240kHz.jpg>]
<./images/comp_270kHz.jpg, id=254, 921.4425pt x 421.575pt>
File: ./images/comp_270kHz.jpg Graphic file (type jpg)

<use ./images/comp_270kHz.jpg>
Package pdftex.def Info: ./images/comp_270kHz.jpg used on input line 380.
(pdftex.def)             Requested size: 552.86977pt x 252.94695pt.

Overfull \hbox (96.28096pt too wide) in paragraph at lines 379--381
[]|  [] 
 []

<./images/comp_280kHz.jpg, id=255, 917.4275pt x 421.575pt>
File: ./images/comp_280kHz.jpg Graphic file (type jpg)

<use ./images/comp_280kHz.jpg>
Package pdftex.def Info: ./images/comp_280kHz.jpg used on input line 386.
(pdftex.def)             Requested size: 550.46075pt x 252.94695pt.

Overfull \hbox (93.87195pt too wide) in paragraph at lines 385--387
[]|  [] 
 []

[26 <./images/comp_250kHz.jpg> <./images/comp_260kHz.jpg>]
<./images/comp_290kHz.jpg, id=262, 908.39375pt x 421.575pt>
File: ./images/comp_290kHz.jpg Graphic file (type jpg)

<use ./images/comp_290kHz.jpg>
Package pdftex.def Info: ./images/comp_290kHz.jpg used on input line 392.
(pdftex.def)             Requested size: 545.04047pt x 252.94695pt.

Overfull \hbox (88.45166pt too wide) in paragraph at lines 391--393
[]|  [] 
 []

<./images/comp_300kHz.jpg, id=263, 914.41624pt x 421.575pt>
File: ./images/comp_300kHz.jpg Graphic file (type jpg)

<use ./images/comp_300kHz.jpg>
Package pdftex.def Info: ./images/comp_300kHz.jpg used on input line 398.
(pdftex.def)             Requested size: 548.65398pt x 252.94695pt.

Overfull \hbox (92.06517pt too wide) in paragraph at lines 397--399
[]|  [] 
 []

[27 <./images/comp_270kHz.jpg> <./images/comp_280kHz.jpg>] [28 <./images/comp_2
90kHz.jpg> <./images/comp_300kHz.jpg>]
<./images/setup3.png, id=278, 747.79375pt x 356.33125pt>
File: ./images/setup3.png Graphic file (type png)

<use ./images/setup3.png>
Package pdftex.def Info: ./images/setup3.png used on input line 415.
(pdftex.def)             Requested size: 373.89595pt x 178.16518pt.

Overfull \hbox (28.89595pt too wide) in paragraph at lines 415--416
 [][] 
 []

[29 <./images/setup3.png>]
<./images/fluidvselastic_vertebrae_rms.png, id=289, 845.40843pt x 316.18124pt>
File: ./images/fluidvselastic_vertebrae_rms.png Graphic file (type png)

<use ./images/fluidvselastic_vertebrae_rms.png>
Package pdftex.def Info: ./images/fluidvselastic_vertebrae_rms.png used on inpu
t line 423.
(pdftex.def)             Requested size: 591.78186pt x 221.32535pt.

Overfull \hbox (135.19305pt too wide) in paragraph at lines 422--424
[]|  [] 
 []

[30 <./images/fluidvselastic_vertebrae_rms.png (PNG copy)>]
<./images/smoothed_vertebrae.png, id=304, 779.16093pt x 316.18124pt>
File: ./images/smoothed_vertebrae.png Graphic file (type png)

<use ./images/smoothed_vertebrae.png>
Package pdftex.def Info: ./images/smoothed_vertebrae.png used on input line 431
.
(pdftex.def)             Requested size: 545.40894pt x 221.32535pt.

Overfull \hbox (88.82013pt too wide) in paragraph at lines 430--432
[]|  [] 
 []

<./images/max_p_smoothed_vert.png, id=307, 844.65562pt x 316.18124pt>
File: ./images/max_p_smoothed_vert.png Graphic file (type png)

<use ./images/max_p_smoothed_vert.png>
Package pdftex.def Info: ./images/max_p_smoothed_vert.png used on input line 43
7.
(pdftex.def)             Requested size: 591.25491pt x 221.32535pt.

Overfull \hbox (134.6661pt too wide) in paragraph at lines 436--438
[]|  [] 
 []

[31 <./images/smoothed_vertebrae.png (PNG copy)>]

LaTeX Warning: Reference `transducer_angle_original' on page 32 undefined on in
put line 450.

[32 <./images/max_p_smoothed_vert.png (PNG copy)>]
<./images/transducer_angle_original.png, id=325, 487.06969pt x 316.18124pt>
File: ./images/transducer_angle_original.png Graphic file (type png)

<use ./images/transducer_angle_original.png>
Package pdftex.def Info: ./images/transducer_angle_original.png used on input l
ine 453.
(pdftex.def)             Requested size: 389.65627pt x 252.94533pt.

Overfull \hbox (44.65627pt too wide) in paragraph at lines 453--454
[][] 
 []

[33 <./images/transducer_angle_original.png (PNG copy)>]
<./images/transducer_angle_results.png, id=333, 450.9347pt x 316.18124pt>
File: ./images/transducer_angle_results.png Graphic file (type png)

<use ./images/transducer_angle_results.png>
Package pdftex.def Info: ./images/transducer_angle_results.png used on input li
ne 463.
(pdftex.def)             Requested size: 360.74825pt x 252.94533pt.

Overfull \hbox (15.74825pt too wide) in paragraph at lines 463--464
[][] 
 []

<./images/transducer_angle_bonenorm.png, id=335, 507.39563pt x 316.18124pt>
File: ./images/transducer_angle_bonenorm.png Graphic file (type png)

<use ./images/transducer_angle_bonenorm.png>
Package pdftex.def Info: ./images/transducer_angle_bonenorm.png used on input l
ine 469.
(pdftex.def)             Requested size: 405.91705pt x 252.94533pt.

Overfull \hbox (60.91705pt too wide) in paragraph at lines 469--470
[][] 
 []

[34 <./images/transducer_angle_results.png (PNG copy)>]
<./images/freq_angle_p.png, id=343, 467.49657pt x 343.2825pt>
File: ./images/freq_angle_p.png Graphic file (type png)

<use ./images/freq_angle_p.png>
Package pdftex.def Info: ./images/freq_angle_p.png used on input line 478.
(pdftex.def)             Requested size: 373.99776pt x 274.62636pt.

Overfull \hbox (28.99776pt too wide) in paragraph at lines 478--479
[][] 
 []

[35 <./images/transducer_angle_bonenorm.png (PNG copy)>]

LaTeX Warning: Reference `freq_angl_pnorm' on page 36 undefined on input line 4
85.

<./images/freq_angle_pnorm.png, id=351, 468.24937pt x 347.04657pt>
File: ./images/freq_angle_pnorm.png Graphic file (type png)

<use ./images/freq_angle_pnorm.png>
Package pdftex.def Info: ./images/freq_angle_pnorm.png used on input line 487.
(pdftex.def)             Requested size: 374.59999pt x 277.63762pt.

Overfull \hbox (29.59999pt too wide) in paragraph at lines 487--488
[][] 
 []

[36 <./images/freq_angle_p.png (PNG copy)>] [37 <./images/freq_angle_pnorm.png 
(PNG copy)>] ("Spine Simulation.bbl")
Package atveryend Info: Empty hook `BeforeClearDocument' on input line 502.
 [38]
Package atveryend Info: Empty hook `AfterLastShipout' on input line 502.
 ("Spine Simulation.aux")
Package atveryend Info: Executing hook `AtVeryEndDocument' on input line 502.
Package atveryend Info: Executing hook `AtEndAfterFileList' on input line 502.
Package rerunfilecheck Info: File `"Spine Simulation".out' has not changed.
(rerunfilecheck)             Checksum: D41D8CD98F00B204E9800998ECF8427E;0.


LaTeX Warning: There were undefined references.

Package atveryend Info: Empty hook `AtVeryVeryEnd' on input line 502.
 ) 
Here is how much of TeX's memory you used:
 6834 strings out of 493334
 99741 string characters out of 3131088
 191717 words of memory out of 3000000
 10096 multiletter control sequences out of 15000+200000
 12468 words of font info for 48 fonts, out of 3000000 for 9000
 1141 hyphenation exceptions out of 8191
 29i,12n,25p,1475b,351s stack positions out of 5000i,500n,10000p,200000b,50000s
<C:/Users/Rui/AppData/Local/Programs/MiKTeX 2.9/fonts/type1/public/amsfonts/c
m/cmbx10.pfb><C:/Users/Rui/AppData/Local/Programs/MiKTeX 2.9/fonts/type1/public
/amsfonts/cm/cmbx12.pfb><C:/Users/Rui/AppData/Local/Programs/MiKTeX 2.9/fonts/t
ype1/public/amsfonts/cm/cmbx7.pfb><C:/Users/Rui/AppData/Local/Programs/MiKTeX 2
.9/fonts/type1/public/amsfonts/cm/cmex10.pfb><C:/Users/Rui/AppData/Local/Progra
ms/MiKTeX 2.9/fonts/type1/public/amsfonts/cm/cmmi10.pfb><C:/Users/Rui/AppData/L
ocal/Programs/MiKTeX 2.9/fonts/type1/public/amsfonts/cm/cmmi5.pfb><C:/Users/Rui
/AppData/Local/Programs/MiKTeX 2.9/fonts/type1/public/amsfonts/cm/cmmi7.pfb><C:
/Users/Rui/AppData/Local/Programs/MiKTeX 2.9/fonts/type1/public/amsfonts/cm/cmr
10.pfb><C:/Users/Rui/AppData/Local/Programs/MiKTeX 2.9/fonts/type1/public/amsfo
nts/cm/cmr12.pfb><C:/Users/Rui/AppData/Local/Programs/MiKTeX 2.9/fonts/type1/pu
blic/amsfonts/cm/cmr17.pfb><C:/Users/Rui/AppData/Local/Programs/MiKTeX 2.9/font
s/type1/public/amsfonts/cm/cmr5.pfb><C:/Users/Rui/AppData/Local/Programs/MiKTeX
 2.9/fonts/type1/public/amsfonts/cm/cmr7.pfb><C:/Users/Rui/AppData/Local/Progra
ms/MiKTeX 2.9/fonts/type1/public/amsfonts/cm/cmsy10.pfb><C:/Users/Rui/AppData/L
ocal/Programs/MiKTeX 2.9/fonts/type1/public/amsfonts/cm/cmsy7.pfb><C:/Users/Rui
/AppData/Local/Programs/MiKTeX 2.9/fonts/type1/public/amsfonts/cm/cmti10.pfb>
Output written on "Spine Simulation.pdf" (38 pages, 2240621 bytes).
PDF statistics:
 447 PDF objects out of 1000 (max. 8388607)
 141 named destinations out of 1000 (max. 500000)
 241 words of extra memory for PDF output out of 10000 (max. 10000000)

